accuracy,overhead,timeElapsedTotal,timeElapsedClassifier,fileId,targetID
41.1764705882, 921817966/930249336, 526.60, 469.35, 3cwbqo0m
46.7941176471, 916315119/930249336, 456.97, 404.88, 7dh1tx2o
43.8823529412, 926923036/930249336, 555.14, 502.06, 6aswz3td
46.7941176471, 927629237/930249336, 466.54, 413.46, fodg4x5z
46.5882352941, 920637948/930249336, 512.36, 460.81, 0ear6u93
40.8823529412, 923659221/930249336, 515.30, 462.16, klu396rm
46.7941176471, 916315119/930249336, 423.84, 370.98, ywht06fo
47.1176470588, 928040072/930249336, 437.74, 385.33, x2qlow81
41.2941176471, 921370383/930249336, 488.16, 434.34, 1gjlmu3p
43.8529411765, 927058136/930249336, 466.93, 415.67, x5atez4h
41.1764705882, 921817966/930249336, 511.03, 457.73, vzyogcfk
46.7941176471, 916315119/930249336, 438.78, 385.39, aruqtcsy
43.8823529412, 926923036/930249336, 450.82, 397.74, 62iaw7j4
46.7941176471, 927629237/930249336, 483.05, 430.93, ectpvzdm
46.5882352941, 920637948/930249336, 486.86, 434.85, 6qif7hvj
40.8823529412, 923659221/930249336, 472.72, 420.56, xcra7289
46.7941176471, 916315119/930249336, 388.27, 336.40, n6zcarb0
47.1176470588, 928040072/930249336, 383.67, 333.73, 8y37o1ek
41.2941176471, 921370383/930249336, 410.19, 360.04, qgx18iav
43.8529411765, 927058136/930249336, 398.37, 347.98, dsrhwue8