accuracy,overhead,timeElapsedTotal,timeElapsedClassifier,fileId,targetID
38.4117647059, 915945051/930249336, 444.92, 386.31, 958myuq1
38.1764705882, 913160020/930249336, 419.39, 365.37, hlri5zt9
35.3823529412, 913133919/930249336, 400.11, 349.13, 5npetyva
40.9705882353, 915923917/930249336, 374.85, 321.07, nzxbsqfg
41.2352941176, 907076731/930249336, 439.57, 388.12, 412foqm3
35.3529411765, 917819748/930249336, 453.21, 402.70, qbwzgkm7
38.1470588235, 914614019/930249336, 411.15, 359.61, ujo9yvtk
41.3823529412, 922167157/930249336, 390.84, 338.74, iq1mydwt
35.2058823529, 919669283/930249336, 435.61, 385.07, l0a39gyr
38.3235294118, 915352816/930249336, 397.32, 324.60, 37io5es8
38.4117647059, 915945051/930249336, 541.43, 484.25, xsoh14l5
38.1764705882, 913160020/930249336, 502.61, 444.58, wex4s175
35.3823529412, 913133919/930249336, 483.35, 426.13, a7l96p02
40.9705882353, 915923917/930249336, 489.07, 433.73, 71b0docf
41.2352941176, 907076731/930249336, 500.07, 441.67, ujikm8v4
35.3529411765, 917819748/930249336, 532.62, 474.07, bkqwu41t
38.1470588235, 914614019/930249336, 440.49, 386.28, ue1i8wpz
41.3823529412, 922167157/930249336, 457.96, 403.91, sct56f4i
35.2058823529, 919669283/930249336, 473.59, 419.12, pdhlbkjy
38.3235294118, 915352816/930249336, 434.30, 379.77, csun9ot1