accuracy,overhead,timeElapsedTotal,timeElapsedClassifier,fileId,targetID
32.8823529412, 914481851/930249336, 465.91, 414.28, tl1ysgwp
32.6176470588, 911831920/930249336, 344.73, 294.06, muhqwt9p
29.6470588235, 910071119/930249336, 345.36, 294.19, hoegcj8r
35.2352941176, 910642220/930249336, 416.45, 362.68, 9teys3v0
38.4411764706, 905957731/930249336, 383.10, 330.20, j0tuxclw
29.9411764706, 904631595/930249336, 407.80, 356.49, 6werimjn
32.7058823529, 906294630/930249336, 347.41, 292.91, ro94vtb2
35.6176470588, 917433183/930249336, 395.44, 343.66, xnjelg7h
35.6176470588, 917433183/930249336, 444.65, 392.39, 62zjdqfa
32.6470588235, 911645420/930249336, 363.83, 310.52, ewk8s9r2
32.8823529412, 914481851/930249336, 484.68, 424.51, tucjm5zg
32.6176470588, 911831920/930249336, 437.82, 384.20, 8f3qesrv
29.6470588235, 910071119/930249336, 420.75, 367.52, pyioq0jm
35.2352941176, 910642220/930249336, 414.23, 360.26, rc7vl564
38.4411764706, 905957731/930249336, 410.41, 356.95, tmkjz83a
29.9411764706, 904631595/930249336, 434.57, 378.65, 1sg7u60c
32.7058823529, 906294630/930249336, 386.58, 332.42, rsph4ad7
35.6176470588, 917433183/930249336, 387.85, 334.31, 6i3l2xq8
35.6176470588, 917433183/930249336, 400.77, 345.64, 4ku8imar
32.6470588235, 911645420/930249336, 381.49, 329.99, j6cw9tzx