accuracy,overhead,timeElapsedTotal,timeElapsedClassifier,fileId,targetID
48.8529411765, 926365440/930249336, 509.33, 457.60, zu27xn6w
43.7352941176, 918917016/930249336, 499.28, 447.71, 2awbq5nk
49.3823529412, 928013236/930249336, 519.75, 465.38, vcp8hk9x
46.2647058824, 928719437/930249336, 495.63, 442.83, zf42jtlk
43.5, 921929947/930249336, 515.71, 463.09, zymjwpbl
46.2941176471, 929284236/930249336, 477.96, 424.43, rxts2985
49.2647058824, 917061183/930249336, 517.97, 464.61, ewtl94jq
51.8529411765, 929130272/930249336, 466.07, 413.02, e5gnd3v6
43.5, 921929947/930249336, 484.46, 429.96, vud7rsmk
46.3235294118, 928148336/930249336, 515.86, 462.27, vh4r8jga
48.8529411765, 926365440/930249336, 530.96, 476.77, ly7mf0dz
43.7352941176, 918917016/930249336, 463.82, 413.46, dt8yvobz
49.3823529412, 928013236/930249336, 547.27, 495.94, drfj6qzv
46.2647058824, 928719437/930249336, 608.12, 550.78, q5fayz3b
43.5, 921929947/930249336, 630.43, 547.40, hyqmf14z
46.2941176471, 929284236/930249336, 604.78, 545.77, itubkelh
49.2647058824, 917061183/930249336, 582.52, 526.71, fxu1e4oq
51.8529411765, 929130272/930249336, 570.65, 513.18, c8xfiul0
43.5, 921929947/930249336, 603.25, 549.00, p0gvehzo
46.3235294118, 928148336/930249336, 598.02, 542.94, ua6c7jfq